This is pdfTeXk, Version 3.1415926-1.40.9 (Web2C 7.5.7) (format=pdflatex 2008.10.6)  31 AUG 2010 09:59
entering extended mode
 %&-line parsing enabled.
**pcalgDoc.tex
(./pcalgDoc.tex
LaTeX2e <2005/12/01>
Babel <v3.8l> and hyphenation patterns for english, usenglishmax, dumylang, noh
yphenation, german-x-2008-06-18, ngerman-x-2008-06-18, ancientgreek, ibycus, ar
abic, basque, bulgarian, catalan, pinyin, coptic, croatian, czech, danish, dutc
h, esperanto, estonian, farsi, finnish, french, galician, german, ngerman, mono
greek, greek, hungarian, icelandic, indonesian, interlingua, irish, italian, la
tin, mongolian, mongolian2a, bokmal, nynorsk, polish, portuguese, romanian, rus
sian, sanskrit, serbian, slovak, slovenian, spanish, swedish, turkish, ukenglis
h, ukrainian, uppersorbian, welsh, loaded.
(./jss.cls
Document Class: jss 2009/09/24 2.0 jss class by Achim Zeileis
(/hg/s/linux/9/app/teTeX/08.08/texmf-dist/tex/latex/base/article.cls
Document Class: article 2005/09/16 v1.4f Standard LaTeX document class
(/hg/s/linux/9/app/teTeX/08.08/texmf-dist/tex/latex/base/size11.clo
File: size11.clo 2005/09/16 v1.4f Standard LaTeX file (size option)
)
\c@part=\count79
\c@section=\count80
\c@subsection=\count81
\c@subsubsection=\count82
\c@paragraph=\count83
\c@subparagraph=\count84
\c@figure=\count85
\c@table=\count86
\abovecaptionskip=\skip41
\belowcaptionskip=\skip42
\bibindent=\dimen102
)
(/hg/s/linux/9/app/teTeX/08.08/texmf-dist/tex/latex/graphics/graphicx.sty
Package: graphicx 1999/02/16 v1.0f Enhanced LaTeX Graphics (DPC,SPQR)

(/hg/s/linux/9/app/teTeX/08.08/texmf-dist/tex/latex/graphics/keyval.sty
Package: keyval 1999/03/16 v1.13 key=value parser (DPC)
\KV@toks@=\toks14
)
(/hg/s/linux/9/app/teTeX/08.08/texmf-dist/tex/latex/graphics/graphics.sty
Package: graphics 2006/02/20 v1.0o Standard LaTeX Graphics (DPC,SPQR)

(/hg/s/linux/9/app/teTeX/08.08/texmf-dist/tex/latex/graphics/trig.sty
Package: trig 1999/03/16 v1.09 sin cos tan (DPC)
)
(/hg/s/linux/9/app/teTeX/08.08/texmf/tex/latex/config/graphics.cfg
File: graphics.cfg 2007/01/18 v1.5 graphics configuration of teTeX/TeXLive
)
Package graphics Info: Driver file: pdftex.def on input line 90.

(/hg/s/linux/9/app/teTeX/08.08/texmf-dist/tex/latex/pdftex-def/pdftex.def
File: pdftex.def 2008/07/16 v0.04k Graphics/color for pdfTeX
\Gread@gobject=\count87
))
\Gin@req@height=\dimen103
\Gin@req@width=\dimen104
)
(/hg/s/linux/9/app/teTeX/08.08/texmf-dist/tex/latex/ltxmisc/a4wide.sty
Package: a4wide 1994/08/30

(/u/sfs/tex/tex/latex/a4.sty
--- new A4 size; Martin Maechler, version Dec 1992
)) (/hg/s/linux/9/app/teTeX/08.08/texmf-dist/tex/latex/graphics/color.sty
Package: color 2005/11/14 v1.0j Standard LaTeX Color (DPC)

(/hg/s/linux/9/app/teTeX/08.08/texmf/tex/latex/config/color.cfg
File: color.cfg 2007/01/18 v1.5 color configuration of teTeX/TeXLive
)
Package color Info: Driver file: pdftex.def on input line 130.
)
(/hg/s/linux/9/app/teTeX/08.08/texmf-dist/tex/latex/ae/ae.sty
Package: ae 2001/02/12 1.3 Almost European Computer Modern

(/hg/s/linux/9/app/teTeX/08.08/texmf-dist/tex/latex/base/fontenc.sty
Package: fontenc 2005/09/27 v1.99g Standard LaTeX package

(/hg/s/linux/9/app/teTeX/08.08/texmf-dist/tex/latex/base/t1enc.def
File: t1enc.def 2005/09/27 v1.99g Standard LaTeX file
LaTeX Font Info:    Redeclaring font encoding T1 on input line 43.
)
LaTeX Font Info:    Try loading font information for T1+aer on input line 100.

(/hg/s/linux/9/app/teTeX/08.08/texmf-dist/tex/latex/ae/t1aer.fd
File: t1aer.fd 1997/11/16 Font definitions for T1/aer.
)))
(/hg/s/linux/9/app/teTeX/08.08/texmf-dist/tex/latex/fancyvrb/fancyvrb.sty
Package: fancyvrb 2008/02/07

Style option: `fancyvrb' v2.7a, with DG/SPQR fixes, and firstline=lastline fix 
<2008/02/07> (tvz)
\FV@CodeLineNo=\count88
\FV@InFile=\read1
\FV@TabBox=\box26
\c@FancyVerbLine=\count89
\FV@StepNumber=\count90
\FV@OutFile=\write3
)
(/hg/s/linux/9/app/teTeX/08.08/texmf-dist/tex/latex/base/fontenc.sty
Package: fontenc 2005/09/27 v1.99g Standard LaTeX package

(/hg/s/linux/9/app/teTeX/08.08/texmf-dist/tex/latex/base/t1enc.def
File: t1enc.def 2005/09/27 v1.99g Standard LaTeX file
LaTeX Font Info:    Redeclaring font encoding T1 on input line 43.
))
(/hg/s/linux/9/app/teTeX/08.08/texmf-dist/tex/latex/upquote/upquote.sty
Package: upquote 2003/08/11 v1.1 Covington's upright-quote modification to verb
atim and verb

(/hg/s/linux/9/app/teTeX/08.08/texmf-dist/tex/latex/base/textcomp.sty
Package: textcomp 2005/09/27 v1.99g Standard LaTeX package
Package textcomp Info: Sub-encoding information:
(textcomp)               5 = only ISO-Adobe without \textcurrency
(textcomp)               4 = 5 + \texteuro
(textcomp)               3 = 4 + \textohm
(textcomp)               2 = 3 + \textestimated + \textcurrency
(textcomp)               1 = TS1 - \textcircled - \t
(textcomp)               0 = TS1 (full)
(textcomp)             Font families with sub-encoding setting implement
(textcomp)             only a restricted character set as indicated.
(textcomp)             Family '?' is the default used for unknown fonts.
(textcomp)             See the documentation for details.
Package textcomp Info: Setting ? sub-encoding to TS1/1 on input line 71.

(/hg/s/linux/9/app/teTeX/08.08/texmf-dist/tex/latex/base/ts1enc.def
File: ts1enc.def 2001/06/05 v3.0e (jk/car/fm) Standard LaTeX file
)
LaTeX Info: Redefining \oldstylenums on input line 266.
Package textcomp Info: Setting cmr sub-encoding to TS1/0 on input line 281.
Package textcomp Info: Setting cmss sub-encoding to TS1/0 on input line 282.
Package textcomp Info: Setting cmtt sub-encoding to TS1/0 on input line 283.
Package textcomp Info: Setting cmvtt sub-encoding to TS1/0 on input line 284.
Package textcomp Info: Setting cmbr sub-encoding to TS1/0 on input line 285.
Package textcomp Info: Setting cmtl sub-encoding to TS1/0 on input line 286.
Package textcomp Info: Setting ccr sub-encoding to TS1/0 on input line 287.
Package textcomp Info: Setting ptm sub-encoding to TS1/4 on input line 288.
Package textcomp Info: Setting pcr sub-encoding to TS1/4 on input line 289.
Package textcomp Info: Setting phv sub-encoding to TS1/4 on input line 290.
Package textcomp Info: Setting ppl sub-encoding to TS1/3 on input line 291.
Package textcomp Info: Setting pag sub-encoding to TS1/4 on input line 292.
Package textcomp Info: Setting pbk sub-encoding to TS1/4 on input line 293.
Package textcomp Info: Setting pnc sub-encoding to TS1/4 on input line 294.
Package textcomp Info: Setting pzc sub-encoding to TS1/4 on input line 295.
Package textcomp Info: Setting bch sub-encoding to TS1/4 on input line 296.
Package textcomp Info: Setting put sub-encoding to TS1/5 on input line 297.
Package textcomp Info: Setting uag sub-encoding to TS1/5 on input line 298.
Package textcomp Info: Setting ugq sub-encoding to TS1/5 on input line 299.
Package textcomp Info: Setting ul8 sub-encoding to TS1/4 on input line 300.
Package textcomp Info: Setting ul9 sub-encoding to TS1/4 on input line 301.
Package textcomp Info: Setting augie sub-encoding to TS1/5 on input line 302.
Package textcomp Info: Setting dayrom sub-encoding to TS1/3 on input line 303.
Package textcomp Info: Setting dayroms sub-encoding to TS1/3 on input line 304.

Package textcomp Info: Setting pxr sub-encoding to TS1/0 on input line 305.
Package textcomp Info: Setting pxss sub-encoding to TS1/0 on input line 306.
Package textcomp Info: Setting pxtt sub-encoding to TS1/0 on input line 307.
Package textcomp Info: Setting txr sub-encoding to TS1/0 on input line 308.
Package textcomp Info: Setting txss sub-encoding to TS1/0 on input line 309.
Package textcomp Info: Setting txtt sub-encoding to TS1/0 on input line 310.
Package textcomp Info: Setting futs sub-encoding to TS1/4 on input line 311.
Package textcomp Info: Setting futx sub-encoding to TS1/4 on input line 312.
Package textcomp Info: Setting futj sub-encoding to TS1/4 on input line 313.
Package textcomp Info: Setting hlh sub-encoding to TS1/3 on input line 314.
Package textcomp Info: Setting hls sub-encoding to TS1/3 on input line 315.
Package textcomp Info: Setting hlst sub-encoding to TS1/3 on input line 316.
Package textcomp Info: Setting hlct sub-encoding to TS1/5 on input line 317.
Package textcomp Info: Setting hlx sub-encoding to TS1/5 on input line 318.
Package textcomp Info: Setting hlce sub-encoding to TS1/5 on input line 319.
Package textcomp Info: Setting hlcn sub-encoding to TS1/5 on input line 320.
Package textcomp Info: Setting hlcw sub-encoding to TS1/5 on input line 321.
Package textcomp Info: Setting hlcf sub-encoding to TS1/5 on input line 322.
Package textcomp Info: Setting pplx sub-encoding to TS1/3 on input line 323.
Package textcomp Info: Setting pplj sub-encoding to TS1/3 on input line 324.
Package textcomp Info: Setting ptmx sub-encoding to TS1/4 on input line 325.
Package textcomp Info: Setting ptmj sub-encoding to TS1/4 on input line 326.
))
(/hg/s/linux/9/app/teTeX/08.08/texmf-dist/tex/latex/natbib/natbib.sty
Package: natbib 2007/10/30 8.1 (PWD)
\bibhang=\skip43
\bibsep=\skip44
LaTeX Info: Redefining \cite on input line 602.
\c@NAT@ctr=\count91
)
\footerskip=\skip45

(/hg/s/linux/9/app/teTeX/08.08/texmf-dist/tex/latex/hyperref/hyperref.sty
Package: hyperref 2008/08/14 v6.78f Hypertext links for LaTeX

(/hg/s/linux/9/app/teTeX/08.08/texmf-dist/tex/generic/oberdiek/ifpdf.sty
Package: ifpdf 2007/12/12 v1.6 Provides the ifpdf switch (HO)
Package ifpdf Info: pdfTeX in pdf mode detected.
)
(/hg/s/linux/9/app/teTeX/08.08/texmf-dist/tex/generic/oberdiek/ifvtex.sty
Package: ifvtex 2007/09/09 v1.3 Switches for detecting VTeX and its modes (HO)
Package ifvtex Info: VTeX not detected.
)
(/hg/s/linux/9/app/teTeX/08.08/texmf-dist/tex/generic/ifxetex/ifxetex.sty
Package: ifxetex 2006/08/21 v0.3 Provides ifxetex conditional
)
(/hg/s/linux/9/app/teTeX/08.08/texmf-dist/tex/latex/oberdiek/hycolor.sty
Package: hycolor 2008/08/01 v1.3 Code for color options of hyperref/bookmark (H
O)

(/hg/s/linux/9/app/teTeX/08.08/texmf-dist/tex/latex/oberdiek/xcolor-patch.sty
Package: xcolor-patch 2008/08/01 xcolor patch
))
\@linkdim=\dimen105
\Hy@linkcounter=\count92
\Hy@pagecounter=\count93
(/hg/s/linux/9/app/teTeX/08.08/texmf-dist/tex/latex/hyperref/pd1enc.def
File: pd1enc.def 2008/08/14 v6.78f Hyperref: PDFDocEncoding definition (HO)
)
(/hg/s/linux/9/app/teTeX/08.08/texmf-dist/tex/generic/oberdiek/etexcmds.sty
Package: etexcmds 2007/12/12 v1.2 Prefix for e-TeX command names (HO)

(/hg/s/linux/9/app/teTeX/08.08/texmf-dist/tex/generic/oberdiek/infwarerr.sty
Package: infwarerr 2007/09/09 v1.2 Providing info/warning/message (HO)
)
Package etexcmds Info: Could not find \expanded.
(etexcmds)             That can mean that you are not using pdfTeX 1.50 or
(etexcmds)             that some package has redefined \expanded.
(etexcmds)             In the latter case, load this package earlier.
)
(/hg/s/linux/9/app/teTeX/08.08/texmf/tex/latex/config/hyperref.cfg
File: hyperref.cfg 2002/06/06 v1.2 hyperref configuration of TeXLive
)
(/hg/s/linux/9/app/teTeX/08.08/texmf-dist/tex/latex/oberdiek/kvoptions.sty
Package: kvoptions 2007/10/18 v3.0 Keyval support for LaTeX options (HO)
)
Package hyperref Info: Hyper figures OFF on input line 2876.
Package hyperref Info: Link nesting OFF on input line 2881.
Package hyperref Info: Hyper index ON on input line 2884.
Package hyperref Info: Plain pages OFF on input line 2891.
Package hyperref Info: Backreferencing OFF on input line 2896.

Implicit mode ON; LaTeX internals redefined
Package hyperref Info: Bookmarks ON on input line 3086.
(/hg/s/linux/9/app/teTeX/08.08/texmf-dist/tex/latex/ltxmisc/url.sty
\Urlmuskip=\muskip10
Package: url 2006/04/12  ver 3.3  Verb mode for urls, etc.
)
LaTeX Info: Redefining \url on input line 3272.

(/hg/s/linux/9/app/teTeX/08.08/texmf-dist/tex/generic/oberdiek/bitset.sty
Package: bitset 2007/09/28 v1.0 Data type bit set (HO)

(/hg/s/linux/9/app/teTeX/08.08/texmf-dist/tex/generic/oberdiek/intcalc.sty
Package: intcalc 2007/09/27 v1.1 Expandable integer calculations (HO)
)
(/hg/s/linux/9/app/teTeX/08.08/texmf-dist/tex/generic/oberdiek/bigintcalc.sty
Package: bigintcalc 2007/11/11 v1.1 Expandable big integer calculations (HO)

(/hg/s/linux/9/app/teTeX/08.08/texmf-dist/tex/generic/oberdiek/pdftexcmds.sty
Package: pdftexcmds 2007/12/12 v0.3 LuaTeX support for pdfTeX utility functions
 (HO)
Package pdftexcmds Info: LuaTeX not detected on input line 139.
))) (/hg/s/linux/9/app/teTeX/08.08/texmf-dist/tex/generic/oberdiek/kvsetkeys.st
y
Package: kvsetkeys 2007/09/29 v1.3 Key value parser with default handler suppor
t (HO)
)
\Fld@menulength=\count94
\Field@Width=\dimen106
\Fld@charsize=\dimen107
\Field@toks=\toks15
Package hyperref Info: Hyper figures OFF on input line 4189.
Package hyperref Info: Link nesting OFF on input line 4194.
Package hyperref Info: Hyper index ON on input line 4197.
Package hyperref Info: backreferencing OFF on input line 4204.
Package hyperref Info: Link coloring OFF on input line 4209.
Package hyperref Info: Link coloring with OCG OFF on input line 4214.
Package hyperref Info: PDF/A mode OFF on input line 4219.
(/hg/s/linux/9/app/teTeX/08.08/texmf-dist/tex/generic/oberdiek/atbegshi.sty
Package: atbegshi 2008/07/31 v1.9 At begin shipout hook (HO)
)
\Hy@abspage=\count95
\c@Item=\count96
\c@Hfootnote=\count97
)
*hyperref using default driver hpdftex*
(/hg/s/linux/9/app/teTeX/08.08/texmf-dist/tex/latex/hyperref/hpdftex.def
File: hpdftex.def 2008/08/14 v6.78f Hyperref driver for pdfTeX
\Fld@listcount=\count98
)
\preXLskip=\skip46
\preLskip=\skip47
\preMskip=\skip48
\preSskip=\skip49
\postMskip=\skip50
\postSskip=\skip51


Package hyperref Warning: Option `hyperindex' has already been used,
(hyperref)                setting the option has no effect on input line 446.

Package hyperref Info: Option `colorlinks' set `true' on input line 446.
Package hyperref Info: Option `linktocpage' set `true' on input line 446.
Package hyperref Info: Option `plainpages' set `false' on input line 446.
)
(/hg/s/linux/9/app/teTeX/08.08/texmf-dist/tex/latex/algorithms/algorithmic.sty
Package: algorithmic 2006/06/02

Document Style `algorithmic' - environment
(/hg/s/linux/9/app/teTeX/08.08/texmf-dist/tex/latex/base/ifthen.sty
Package: ifthen 2001/05/26 v1.1c Standard LaTeX ifthen package (DPC)
)
(/hg/s/linux/9/app/teTeX/08.08/texmf-dist/tex/latex/tools/calc.sty
Package: calc 2005/08/06 v4.2 Infix arithmetic (KKT,FJ)
\calc@Acount=\count99
\calc@Bcount=\count100
\calc@Adimen=\dimen108
\calc@Bdimen=\dimen109
\calc@Askip=\skip52
\calc@Bskip=\skip53
LaTeX Info: Redefining \setlength on input line 75.
LaTeX Info: Redefining \addtolength on input line 76.
\calc@Ccount=\count101
\calc@Cskip=\skip54
)
\c@ALC@line=\count102
\c@ALC@rem=\count103
\c@ALC@depth=\count104
\ALC@tlm=\skip55
\algorithmicindent=\skip56
)
(/hg/s/linux/9/app/teTeX/08.08/texmf-dist/tex/latex/algorithms/algorithm.sty
Package: algorithm 

Document Style `algorithm' - floating environment
(/hg/s/linux/9/app/teTeX/08.08/texmf-dist/tex/latex/float/float.sty
Package: float 2001/11/08 v1.3d Float enhancements (AL)
\c@float@type=\count105
\float@exts=\toks16
\float@box=\box27
\@float@everytoks=\toks17
\@floatcapt=\box28
)
\@float@every@algorithm=\toks18
\c@algorithm=\count106
)
(./pcalgDoc.aux)
\openout1 = `pcalgDoc.aux'.

LaTeX Font Info:    Checking defaults for OML/cmm/m/it on input line 76.
LaTeX Font Info:    ... okay on input line 76.
LaTeX Font Info:    Checking defaults for T1/cmr/m/n on input line 76.
LaTeX Font Info:    ... okay on input line 76.
LaTeX Font Info:    Checking defaults for OT1/cmr/m/n on input line 76.
LaTeX Font Info:    ... okay on input line 76.
LaTeX Font Info:    Checking defaults for OMS/cmsy/m/n on input line 76.
LaTeX Font Info:    ... okay on input line 76.
LaTeX Font Info:    Checking defaults for OMX/cmex/m/n on input line 76.
LaTeX Font Info:    ... okay on input line 76.
LaTeX Font Info:    Checking defaults for U/cmr/m/n on input line 76.
LaTeX Font Info:    ... okay on input line 76.
LaTeX Font Info:    Checking defaults for TS1/cmr/m/n on input line 76.
LaTeX Font Info:    Try loading font information for TS1+cmr on input line 76.

(/hg/s/linux/9/app/teTeX/08.08/texmf-dist/tex/latex/base/ts1cmr.fd
File: ts1cmr.fd 1999/05/25 v2.5h Standard LaTeX font definitions
)
LaTeX Font Info:    ... okay on input line 76.
LaTeX Font Info:    Checking defaults for PD1/pdf/m/n on input line 76.
LaTeX Font Info:    ... okay on input line 76.

(/hg/s/linux/9/app/teTeX/08.08/texmf-dist/tex/context/base/supp-pdf.tex
[Loading MPS to PDF converter (version 2006.09.02).]
\scratchcounter=\count107
\scratchdimen=\dimen110
\scratchbox=\box29
\nofMPsegments=\count108
\nofMParguments=\count109
\everyMPshowfont=\toks19
\MPscratchCnt=\count110
\MPscratchDim=\dimen111
\MPnumerator=\count111
\everyMPtoPDFconversion=\toks20
)
Package hyperref Info: Link coloring ON on input line 76.
 (/hg/s/linux/9/app/teTeX/08.08/texmf-dist/tex/latex/hyperref/nameref.sty
Package: nameref 2007/05/29 v2.31 Cross-referencing by name of section

(/hg/s/linux/9/app/teTeX/08.08/texmf-dist/tex/latex/oberdiek/refcount.sty
Package: refcount 2008/08/11 v3.1 Data extraction from references (HO)
)
\c@section@level=\count112
)
LaTeX Info: Redefining \ref on input line 76.
LaTeX Info: Redefining \pageref on input line 76.

(./pcalgDoc.out) (./pcalgDoc.out)
\@outlinefile=\write4
\openout4 = `pcalgDoc.out'.

\AtBeginShipoutBox=\box30
 <jsslogo.jpg, id=63, 540.0175pt x 393.47pt>
File: jsslogo.jpg Graphic file (type jpg)

<use jsslogo.jpg>
LaTeX Font Info:    Try loading font information for T1+pzc on input line 76.

(/hg/s/linux/9/app/teTeX/08.08/texmf-dist/tex/latex/psnfss/t1pzc.fd
File: t1pzc.fd 2001/06/04 font definitions for T1/pzc.
)
LaTeX Font Info:    Font shape `T1/pzc/m/n' in size <28> not available
(Font)              Font shape `T1/pzc/mb/it' tried instead on input line 76.
LaTeX Font Info:    External font `cmex10' loaded for size
(Font)              <10.95> on input line 76.
LaTeX Font Info:    External font `cmex10' loaded for size
(Font)              <8> on input line 76.
LaTeX Font Info:    External font `cmex10' loaded for size
(Font)              <6> on input line 76.
LaTeX Font Info:    Try loading font information for T1+aess on input line 76.

(/hg/s/linux/9/app/teTeX/08.08/texmf-dist/tex/latex/ae/t1aess.fd
File: t1aess.fd 1997/11/16 Font definitions for T1/aess.
)
LaTeX Font Info:    Try loading font information for T1+aett on input line 76.

(/hg/s/linux/9/app/teTeX/08.08/texmf-dist/tex/latex/ae/t1aett.fd
File: t1aett.fd 1997/11/16 Font definitions for T1/aett.
)
Underfull \hbox (badness 10000) in paragraph at lines 83--84

 []

[1

{/hg/s/linux/9/app/teTeX/08.08/texmf-var/fonts/map/pdftex/updmap/pdftex.map} <.
/jsslogo.jpg>] <pcalgDoc-exIntroPlot.pdf, id=86, 505.89pt x 289.08pt>
File: pcalgDoc-exIntroPlot.pdf Graphic file (type pdf)

<use pcalgDoc-exIntroPlot.pdf>
Overfull \hbox (5.47499pt too wide) has occurred while \output is active
\T1/aer/m/n/10.95 2 []
 []

[2]
Overfull \hbox (5.47499pt too wide) has occurred while \output is active
[] \T1/aer/m/n/10.95 3
 []

[3pdfTeX warning (ext4): destination with the same identifier (name{figure.1}) 
has been already used, duplicate ignored

\AtBegShi@Output ...ipout \box \AtBeginShipoutBox 
                                                  \fi \fi 
l.238 
       <./pcalgDoc-exIntroPlot.pdf>]
Overfull \hbox (5.47499pt too wide) has occurred while \output is active
\T1/aer/m/n/10.95 4 []
 []

[4]
Package hyperref Info: bookmark level for unknown algorithm defaults to 0 on in
put line 323.

Overfull \hbox (5.47499pt too wide) has occurred while \output is active
[] \T1/aer/m/n/10.95 5
 []

[5]
Overfull \hbox (5.47499pt too wide) has occurred while \output is active
\T1/aer/m/n/10.95 6 []
 []

[6]
Underfull \vbox (badness 1024) has occurred while \output is active []


Overfull \hbox (5.47499pt too wide) has occurred while \output is active
[] \T1/aer/m/n/10.95 7
 []

[7]
Overfull \hbox (5.47499pt too wide) has occurred while \output is active
\T1/aer/m/n/10.95 8 []
 []

[8] <pcalgDoc-skelExpl1Plot.pdf, id=203, 505.89pt x 289.08pt>
File: pcalgDoc-skelExpl1Plot.pdf Graphic file (type pdf)

<use pcalgDoc-skelExpl1Plot.pdf>
Overfull \hbox (5.47499pt too wide) has occurred while \output is active
[] \T1/aer/m/n/10.95 9
 []

[9] <pcalgDoc-skelExp2Plot.pdf, id=212, 505.89pt x 289.08pt>
File: pcalgDoc-skelExp2Plot.pdf Graphic file (type pdf)

<use pcalgDoc-skelExp2Plot.pdf>
Overfull \hbox (3.28047pt too wide) in paragraph at lines 637--644
[]\T1/aer/m/n/10.95 The in-for-ma-tion in \T1/aett/m/n/10.95 fixedGaps \T1/aer/
m/n/10.95 and \T1/aett/m/n/10.95 fixedEdges \T1/aer/m/n/10.95 is used as fol-lo
ws. The gaps given in \T1/aett/m/n/10.95 fixedGaps
 []


Overfull \hbox (10.94998pt too wide) has occurred while \output is active
\T1/aer/m/n/10.95 10 []
 []

[10pdfTeX warning (ext4): destination with the same identifier (name{figure.2})
 has been already used, duplicate ignored

\AtBegShi@Output ...ipout \box \AtBeginShipoutBox 
                                                  \fi \fi 
l.665 conservative = FALSE)}
                             <./pcalgDoc-skelExpl1Plot.pdf>]
Overfull \hbox (10.63069pt too wide) in paragraph at lines 665--666
[]\T1/aett/m/n/10.95 pc(suffStat, indepTest, p, alpha, verbose = FALSE, fixedGa
ps = NULL, fixedEdges
 []


Overfull \hbox (10.94998pt too wide) has occurred while \output is active
[] \T1/aer/m/n/10.95 11
 []

[11pdfTeX warning (ext4): destination with the same identifier (name{figure.3})
 has been already used, duplicate ignored

\AtBegShi@Output ...ipout \box \AtBeginShipoutBox 
                                                  \fi \fi 
l.713 
       <./pcalgDoc-skelExp2Plot.pdf>]
<pcalgDoc-011.pdf, id=234, 505.89pt x 289.08pt>
File: pcalgDoc-011.pdf Graphic file (type pdf)
 <use pcalgDoc-011.pdf>
Overfull \hbox (10.94998pt too wide) has occurred while \output is active
\T1/aer/m/n/10.95 12 []
 []

[12]
Overfull \hbox (10.94998pt too wide) has occurred while \output is active
[] \T1/aer/m/n/10.95 13
 []

[13pdfTeX warning (ext4): destination with the same identifier (name{figure.4})
 has been already used, duplicate ignored

\AtBegShi@Output ...ipout \box \AtBeginShipoutBox 
                                                  \fi \fi 
l.812 U
       sing the option \code{biCC = TRUE} only nodes on paths between $a$ an...
 <./pcalgDoc-011.pdf>] <pcalgDoc-013.pdf, id=258, 505.89pt x 289.08pt>
File: pcalgDoc-013.pdf Graphic file (type pdf)

<use pcalgDoc-013.pdf>
Overfull \hbox (10.94998pt too wide) has occurred while \output is active
\T1/aer/m/n/10.95 14 []
 []

[14pdfTeX warning (ext4): destination with the same identifier (name{figure.5})
 has been already used, duplicate ignored

\AtBegShi@Output ...ipout \box \AtBeginShipoutBox 
                                                  \fi \fi 
l.861 
       <./pcalgDoc-013.pdf>]
<pcalgDoc-idaExpl2.pdf, id=272, 505.89pt x 289.08pt>
File: pcalgDoc-idaExpl2.pdf Graphic file (type pdf)

<use pcalgDoc-idaExpl2.pdf> <pcalgDoc-017.pdf, id=275, 505.89pt x 289.08pt>
File: pcalgDoc-017.pdf Graphic file (type pdf)

<use pcalgDoc-017.pdf> <pcalgDoc-018.pdf, id=276, 505.89pt x 289.08pt>
File: pcalgDoc-018.pdf Graphic file (type pdf)

<use pcalgDoc-018.pdf> <pcalgDoc-019.pdf, id=277, 505.89pt x 289.08pt>
File: pcalgDoc-019.pdf Graphic file (type pdf)

<use pcalgDoc-019.pdf>
Overfull \hbox (10.94998pt too wide) has occurred while \output is active
[] \T1/aer/m/n/10.95 15
 []

[15pdfTeX warning (ext4): destination with the same identifier (name{figure.6})
 has been already used, duplicate ignored

\AtBegShi@Output ...ipout \box \AtBeginShipoutBox 
                                                  \fi \fi 
l.918 \end{figure}
                   <./pcalgDoc-idaExpl2.pdf>]
Overfull \hbox (10.94998pt too wide) has occurred while \output is active
\T1/aer/m/n/10.95 16 []
 []

[16]
Overfull \hbox (10.94998pt too wide) has occurred while \output is active
[] \T1/aer/m/n/10.95 17
 []

[17pdfTeX warning (ext4): destination with the same identifier (name{figure.7})
 has been already used, duplicate ignored

\AtBegShi@Output ...ipout \box \AtBeginShipoutBox 
                                                  \fi \fi 
l.997 
       <./pcalgDoc-017.pdf> <./pcalgDoc-018.pdf> <./pcalgDoc-019.pdf>]
Overfull \hbox (11.78293pt too wide) in paragraph at lines 1051--1057
[]\T1/aer/m/n/10.95 The func-tion \T1/aett/m/n/10.95 idaFast \T1/aer/m/n/10.95 
can be called with the fol-low-ing ar-gu-ments: \T1/aett/m/n/10.95 idaFast(x.po
s, y.pos.set,
 []


Overfull \hbox (10.94998pt too wide) has occurred while \output is active
\T1/aer/m/n/10.95 18 []
 []

[18]
Overfull \hbox (34.58807pt too wide) in paragraph at lines 1058--1065
[]\T1/aer/m/n/10.95 This call per-forms \T1/aett/m/n/10.95 ida(x.pos, y.pos, mc
ov, graphEst, method="local", y.notparent=FALSE,
 []


Overfull \hbox (12.04291pt too wide) in paragraph at lines 1123--1132
[]\T1/aer/m/n/10.95 The func-tions \T1/aett/m/n/10.95 skeleton\T1/aer/m/n/10.95
 , \T1/aett/m/n/10.95 pc \T1/aer/m/n/10.95 and \T1/aett/m/n/10.95 fci \T1/aer/m
/n/10.95 need a func-tion of the form \T1/aett/m/n/10.95 myCItest(x, y, S, suff
Stat)
 []


Overfull \hbox (10.94998pt too wide) has occurred while \output is active
[] \T1/aer/m/n/10.95 19
 []

[19] <pcalgDoc-026.pdf, id=328, 505.89pt x 289.08pt>
File: pcalgDoc-026.pdf Graphic file (type pdf)
 <use pcalgDoc-026.pdf>
(./pcalgDoc.bbl
Overfull \hbox (10.94998pt too wide) has occurred while \output is active
\T1/aer/m/n/10.95 20 []
 []

[20])
LaTeX Font Info:    Font shape `T1/pzc/m/n' in size <13> not available
(Font)              Font shape `T1/pzc/mb/it' tried instead on input line 1197.


Overfull \hbox (10.94998pt too wide) has occurred while \output is active
[] \T1/aer/m/n/10.95 21
 []

[21pdfTeX warning (ext4): destination with the same identifier (name{figure.8})
 has been already used, duplicate ignored

\AtBegShi@Output ...ipout \box \AtBeginShipoutBox 
                                                  \fi \fi 
l.1197 \end{document}
                      <./pcalgDoc-026.pdf>]
Overfull \hbox (10.94998pt too wide) has occurred while \output is active
\T1/aer/m/n/10.95 22 []
 []

[22] (./pcalgDoc.aux) ) 
Here is how much of TeX's memory you used:
 6161 strings out of 493886
 90210 string characters out of 1149008
 154753 words of memory out of 3000000
 9178 multiletter control sequences out of 10000+50000
 54178 words of font info for 95 fonts, out of 3000000 for 5000
 714 hyphenation exceptions out of 8191
 43i,9n,34p,367b,422s stack positions out of 5000i,500n,10000p,200000b,50000s
{/hg/s/linux/9/app/teTeX/08.08/texmf-dist/fonts/enc/dvip
s/base/8r.enc}</hg/s/linux/9/app/teTeX/08.08/texmf-dist/fonts/type1/bluesky/cm/
cmb10.pfb></hg/s/linux/9/app/teTeX/08.08/texmf-dist/fonts/type1/bluesky/cm/cmbx
10.pfb></hg/s/linux/9/app/teTeX/08.08/texmf-dist/fonts/type1/bluesky/cm/cmbx12.
pfb></hg/s/linux/9/app/teTeX/08.08/texmf-dist/fonts/type1/bluesky/cm/cmmi10.pfb
></hg/s/linux/9/app/teTeX/08.08/texmf-dist/fonts/type1/bluesky/cm/cmmi8.pfb></h
g/s/linux/9/app/teTeX/08.08/texmf-dist/fonts/type1/bluesky/cm/cmr10.pfb></hg/s/
linux/9/app/teTeX/08.08/texmf-dist/fonts/type1/bluesky/cm/cmr8.pfb></hg/s/linux
/9/app/teTeX/08.08/texmf-dist/fonts/type1/bluesky/cm/cmsl10.pfb></hg/s/linux/9/
app/teTeX/08.08/texmf-dist/fonts/type1/bluesky/cm/cmsltt10.pfb></hg/s/linux/9/a
pp/teTeX/08.08/texmf-dist/fonts/type1/bluesky/cm/cmss10.pfb></hg/s/linux/9/app/
teTeX/08.08/texmf-dist/fonts/type1/bluesky/cm/cmsy10.pfb></hg/s/linux/9/app/teT
eX/08.08/texmf-dist/fonts/type1/bluesky/cm/cmti10.pfb></hg/s/linux/9/app/teTeX/
08.08/texmf-dist/fonts/type1/bluesky/cm/cmti12.pfb></hg/s/linux/9/app/teTeX/08.
08/texmf-dist/fonts/type1/bluesky/cm/cmtt10.pfb></hg/s/linux/9/app/teTeX/08.08/
texmf-dist/fonts/type1/urw/zapfchan/uzcmi8a.pfb>
Output written on pcalgDoc.pdf (22 pages, 334539 bytes).
PDF statistics:
 420 PDF objects out of 1000 (max. 8388607)
 84 named destinations out of 1000 (max. 131072)
 184 words of extra memory for PDF output out of 10000 (max. 10000000)

